<?xml version="1.0" encoding="UTF-8"?>
<!-- Generated by org.testng.reporters.JUnitReportReporter -->
<testsuite hostname="QSP" failures="0" tests="1" name="parameters.Test2" time="6.034" errors="0" timestamp="2021-09-19T09:22:41 IST" skipped="0">
  <testcase classname="parameters.Test2" name="demo" time="6.034"/>
</testsuite> <!-- parameters.Test2 -->
