<?xml version="1.0" encoding="UTF-8"?>
<!-- Generated by org.testng.reporters.JUnitReportReporter -->
<testsuite hostname="QSP" failures="0" tests="1" name="curdOperationGithub.Test1" time="6.008" errors="0" timestamp="2021-09-19T08:20:14 IST" skipped="0">
  <testcase classname="curdOperationGithub.Test1" name="postOperation" time="6.008"/>
</testsuite> <!-- curdOperationGithub.Test1 -->
