<?xml version="1.0" encoding="UTF-8"?>
<!-- Generated by org.testng.reporters.JUnitReportReporter -->
<testsuite hostname="QSP" failures="0" tests="1" name="curdOperationGithub.Test3" time="5.305" errors="0" timestamp="2021-09-19T08:31:47 IST" skipped="0">
  <testcase classname="curdOperationGithub.Test3" name="deleteReuest" time="5.305"/>
</testsuite> <!-- curdOperationGithub.Test3 -->
