<?xml version="1.0" encoding="UTF-8"?>
<!-- Generated by org.testng.reporters.JUnitReportReporter -->
<testsuite hostname="QSP" failures="0" tests="1" name="jacksonseralization.Sealization" time="0.704" errors="0" timestamp="2021-09-25T09:35:41 IST" skipped="0">
  <testcase classname="jacksonseralization.Sealization" name="demo" time="0.704"/>
</testsuite> <!-- jacksonseralization.Sealization -->
