<?xml version="1.0" encoding="UTF-8"?>
<!-- Generated by org.testng.reporters.JUnitReportReporter -->
<testsuite hostname="QSP" failures="0" tests="1" name="curdOperationGithub.Test2" time="6.641" errors="0" timestamp="2021-09-19T08:28:57 IST" skipped="0">
  <testcase classname="curdOperationGithub.Test2" name="updateProject" time="6.641"/>
</testsuite> <!-- curdOperationGithub.Test2 -->
