<?xml version="1.0" encoding="UTF-8"?>
<!-- Generated by org.testng.reporters.JUnitReportReporter -->
<testsuite hostname="QSP" failures="0" tests="1" name="curdOperationGithub.Test0" time="5.263" errors="0" timestamp="2021-09-19T08:11:42 IST" skipped="0">
  <testcase classname="curdOperationGithub.Test0" name="getOperatio" time="5.263"/>
</testsuite> <!-- curdOperationGithub.Test0 -->
