<?xml version="1.0" encoding="UTF-8"?>
<!-- Generated by org.testng.reporters.JUnitReportReporter -->
<testsuite hostname="QSP" failures="0" tests="1" name="parameters.Test0" time="5.251" errors="0" timestamp="2021-09-19T09:07:21 IST" skipped="0">
  <testcase classname="parameters.Test0" name="getOperation" time="5.251"/>
</testsuite> <!-- parameters.Test0 -->
