<?xml version="1.0" encoding="UTF-8"?>
<!-- Generated by org.testng.reporters.JUnitReportReporter -->
<testsuite hostname="QSP" failures="0" tests="1" name="parameters.Test1" time="5.676" errors="0" timestamp="2021-09-19T09:19:00 IST" skipped="0">
  <testcase classname="parameters.Test1" name="demo" time="5.676"/>
</testsuite> <!-- parameters.Test1 -->
