<?xml version="1.0" encoding="UTF-8"?>
<!-- Generated by org.testng.reporters.JUnitReportReporter -->
<testsuite hostname="QSP" failures="0" tests="1" name="curdOperationUsingBDD.Test2" time="4.824" errors="0" timestamp="2021-09-19T07:47:25 IST" skipped="0">
  <testcase classname="curdOperationUsingBDD.Test2" name="patchOperation" time="4.824"/>
</testsuite> <!-- curdOperationUsingBDD.Test2 -->
