<?xml version="1.0" encoding="UTF-8"?>
<!-- Generated by org.testng.reporters.JUnitReportReporter -->
<testsuite hostname="QSP" failures="0" tests="1" name="jacksonseralization.Deseralization" time="0.742" errors="0" timestamp="2021-09-25T09:41:37 IST" skipped="0">
  <testcase classname="jacksonseralization.Deseralization" name="demo" time="0.742"/>
</testsuite> <!-- jacksonseralization.Deseralization -->
