<?xml version="1.0" encoding="UTF-8"?>
<!-- Generated by org.testng.reporters.JUnitReportReporter -->
<testsuite hostname="QSP" failures="0" tests="1" name="jacksonseralization.ContentTypedemo" time="7.880" errors="0" timestamp="2021-09-25T09:51:17 IST" skipped="0">
  <testcase classname="jacksonseralization.ContentTypedemo" name="create" time="7.880"/>
</testsuite> <!-- jacksonseralization.ContentTypedemo -->
