<?xml version="1.0" encoding="UTF-8"?>
<!-- Generated by org.testng.reporters.JUnitReportReporter -->
<testsuite hostname="QSP" failures="0" tests="1" name="curdOperationUsingBDD.Test4" time="4.818" errors="0" timestamp="2021-09-19T07:49:18 IST" skipped="0">
  <testcase classname="curdOperationUsingBDD.Test4" name="deleteRequest" time="4.818"/>
</testsuite> <!-- curdOperationUsingBDD.Test4 -->
