<?xml version="1.0" encoding="UTF-8"?>
<!-- Generated by org.testng.reporters.JUnitReportReporter -->
<testsuite hostname="QSP" failures="0" tests="1" name="curdOperationUsingBDD.Test0" time="4.828" errors="0" timestamp="2021-09-19T07:33:17 IST" skipped="0">
  <testcase classname="curdOperationUsingBDD.Test0" name="getOperation" time="4.828"/>
</testsuite> <!-- curdOperationUsingBDD.Test0 -->
