<?xml version="1.0" encoding="UTF-8"?>
<!-- Generated by org.testng.reporters.JUnitReportReporter -->
<testsuite hostname="QSP" failures="0" tests="1" name="basics.Test0" time="5.901" errors="0" timestamp="2021-09-18T09:53:56 IST" skipped="0">
  <testcase classname="basics.Test0" name="demo" time="5.901"/>
</testsuite> <!-- basics.Test0 -->
