<?xml version="1.0" encoding="UTF-8"?>
<!-- Generated by org.testng.reporters.JUnitReportReporter -->
<testsuite hostname="QSP" failures="0" tests="1" name="basics.Test1" time="4.946" errors="0" timestamp="2021-09-19T07:20:20 IST" skipped="0">
  <testcase classname="basics.Test1" name="demo" time="4.946"/>
</testsuite> <!-- basics.Test1 -->
