<?xml version="1.0" encoding="UTF-8"?>
<!-- Generated by org.testng.reporters.JUnitReportReporter -->
<testsuite hostname="QSP" failures="0" tests="1" name="curdOperationUsingBDD.Test1" time="5.089" errors="0" timestamp="2021-09-19T07:41:47 IST" skipped="0">
  <testcase classname="curdOperationUsingBDD.Test1" name="postOperation" time="5.089"/>
</testsuite> <!-- curdOperationUsingBDD.Test1 -->
